\BOOKMARK [1][-]{section.1}{\376\377\000P\000r\000o\000b\000a\000b\000i\000l\000i\000t\000y\000\040\000a\000n\000d\000\040\000S\000t\000a\000t\000i\000s\000t\000i\000c\000s}{}% 1
\BOOKMARK [2][-]{subsection.1.1}{\376\377\000R\000a\000n\000d\000o\000m\000\040\000V\000a\000r\000i\000a\000b\000l\000e}{section.1}% 2
\BOOKMARK [2][-]{subsection.1.2}{\376\377\000E\000x\000p\000e\000c\000t\000e\000d\000\040\000V\000a\000l\000u\000e\000\040\000\050\000M\000e\000a\000n\000\051}{section.1}% 3
\BOOKMARK [2][-]{subsection.1.3}{\376\377\000V\000a\000r\000i\000a\000n\000c\000e}{section.1}% 4
\BOOKMARK [2][-]{subsection.1.4}{\376\377\000S\000t\000a\000n\000d\000a\000r\000d\000\040\000D\000e\000v\000i\000a\000t\000i\000o\000n}{section.1}% 5
\BOOKMARK [2][-]{subsection.1.5}{\376\377\000C\000o\000v\000a\000r\000i\000a\000n\000c\000e}{section.1}% 6
\BOOKMARK [2][-]{subsection.1.6}{\376\377\000C\000o\000r\000r\000e\000l\000a\000t\000i\000o\000n}{section.1}% 7
\BOOKMARK [2][-]{subsection.1.7}{\376\377\000I\000n\000d\000e\000p\000e\000n\000d\000e\000n\000c\000e}{section.1}% 8
\BOOKMARK [2][-]{subsection.1.8}{\376\377\000N\000o\000r\000m\000a\000l\000\040\000\050\000G\000a\000u\000s\000s\000i\000a\000n\000\051\000\040\000D\000i\000s\000t\000r\000i\000b\000u\000t\000i\000o\000n}{section.1}% 9
\BOOKMARK [2][-]{subsection.1.9}{\376\377\000S\000a\000m\000p\000l\000e\000\040\000v\000s\000.\000\040\000P\000o\000p\000u\000l\000a\000t\000i\000o\000n}{section.1}% 10
\BOOKMARK [1][-]{section.2}{\376\377\000L\000i\000n\000e\000a\000r\000\040\000A\000l\000g\000e\000b\000r\000a}{}% 11
\BOOKMARK [2][-]{subsection.2.1}{\376\377\000V\000e\000c\000t\000o\000r}{section.2}% 12
\BOOKMARK [2][-]{subsection.2.2}{\376\377\000M\000a\000t\000r\000i\000x}{section.2}% 13
\BOOKMARK [2][-]{subsection.2.3}{\376\377\000M\000a\000t\000r\000i\000x\000-\000V\000e\000c\000t\000o\000r\000\040\000M\000u\000l\000t\000i\000p\000l\000i\000c\000a\000t\000i\000o\000n}{section.2}% 14
\BOOKMARK [2][-]{subsection.2.4}{\376\377\000T\000r\000a\000n\000s\000p\000o\000s\000e}{section.2}% 15
\BOOKMARK [2][-]{subsection.2.5}{\376\377\000I\000n\000n\000e\000r\000\040\000P\000r\000o\000d\000u\000c\000t\000\040\000\050\000D\000o\000t\000\040\000P\000r\000o\000d\000u\000c\000t\000\051}{section.2}% 16
\BOOKMARK [2][-]{subsection.2.6}{\376\377\000Q\000u\000a\000d\000r\000a\000t\000i\000c\000\040\000F\000o\000r\000m}{section.2}% 17
\BOOKMARK [2][-]{subsection.2.7}{\376\377\000S\000y\000m\000m\000e\000t\000r\000i\000c\000\040\000M\000a\000t\000r\000i\000x}{section.2}% 18
\BOOKMARK [2][-]{subsection.2.8}{\376\377\000P\000o\000s\000i\000t\000i\000v\000e\000\040\000D\000e\000f\000i\000n\000i\000t\000e\000\040\000M\000a\000t\000r\000i\000x}{section.2}% 19
\BOOKMARK [2][-]{subsection.2.9}{\376\377\000M\000a\000t\000r\000i\000x\000\040\000I\000n\000v\000e\000r\000s\000e}{section.2}% 20
\BOOKMARK [2][-]{subsection.2.10}{\376\377\000E\000i\000g\000e\000n\000v\000a\000l\000u\000e\000s\000\040\000a\000n\000d\000\040\000E\000i\000g\000e\000n\000v\000e\000c\000t\000o\000r\000s}{section.2}% 21
\BOOKMARK [2][-]{subsection.2.11}{\376\377\000D\000e\000t\000e\000r\000m\000i\000n\000a\000n\000t}{section.2}% 22
\BOOKMARK [2][-]{subsection.2.12}{\376\377\000C\000o\000n\000d\000i\000t\000i\000o\000n\000\040\000N\000u\000m\000b\000e\000r}{section.2}% 23
\BOOKMARK [1][-]{section.3}{\376\377\000O\000p\000t\000i\000m\000i\000z\000a\000t\000i\000o\000n\000\040\000T\000h\000e\000o\000r\000y}{}% 24
\BOOKMARK [2][-]{subsection.3.1}{\376\377\000O\000b\000j\000e\000c\000t\000i\000v\000e\000\040\000F\000u\000n\000c\000t\000i\000o\000n}{section.3}% 25
\BOOKMARK [2][-]{subsection.3.2}{\376\377\000C\000o\000n\000s\000t\000r\000a\000i\000n\000t}{section.3}% 26
\BOOKMARK [2][-]{subsection.3.3}{\376\377\000U\000n\000c\000o\000n\000s\000t\000r\000a\000i\000n\000e\000d\000\040\000O\000p\000t\000i\000m\000i\000z\000a\000t\000i\000o\000n}{section.3}% 27
\BOOKMARK [2][-]{subsection.3.4}{\376\377\000L\000a\000g\000r\000a\000n\000g\000e\000\040\000M\000u\000l\000t\000i\000p\000l\000i\000e\000r\000s}{section.3}% 28
\BOOKMARK [2][-]{subsection.3.5}{\376\377\000C\000o\000n\000v\000e\000x\000\040\000F\000u\000n\000c\000t\000i\000o\000n}{section.3}% 29
\BOOKMARK [2][-]{subsection.3.6}{\376\377\000Q\000u\000a\000d\000r\000a\000t\000i\000c\000\040\000P\000r\000o\000g\000r\000a\000m\000m\000i\000n\000g}{section.3}% 30
\BOOKMARK [1][-]{section.4}{\376\377\000G\000r\000a\000p\000h\000\040\000T\000h\000e\000o\000r\000y}{}% 31
\BOOKMARK [2][-]{subsection.4.1}{\376\377\000G\000r\000a\000p\000h}{section.4}% 32
\BOOKMARK [2][-]{subsection.4.2}{\376\377\000C\000o\000m\000p\000l\000e\000t\000e\000\040\000G\000r\000a\000p\000h}{section.4}% 33
\BOOKMARK [2][-]{subsection.4.3}{\376\377\000T\000r\000e\000e}{section.4}% 34
\BOOKMARK [2][-]{subsection.4.4}{\376\377\000P\000a\000t\000h}{section.4}% 35
\BOOKMARK [2][-]{subsection.4.5}{\376\377\000D\000i\000s\000t\000a\000n\000c\000e\000\040\000i\000n\000\040\000G\000r\000a\000p\000h\000s}{section.4}% 36
\BOOKMARK [1][-]{section.5}{\376\377\000M\000e\000t\000r\000i\000c\000\040\000S\000p\000a\000c\000e\000s\000\040\000a\000n\000d\000\040\000D\000i\000s\000t\000a\000n\000c\000e\000\040\000F\000u\000n\000c\000t\000i\000o\000n\000s}{}% 37
\BOOKMARK [2][-]{subsection.5.1}{\376\377\000M\000e\000t\000r\000i\000c\000\040\000S\000p\000a\000c\000e}{section.5}% 38
\BOOKMARK [2][-]{subsection.5.2}{\376\377\000E\000u\000c\000l\000i\000d\000e\000a\000n\000\040\000D\000i\000s\000t\000a\000n\000c\000e}{section.5}% 39
\BOOKMARK [2][-]{subsection.5.3}{\376\377\000C\000o\000r\000r\000e\000l\000a\000t\000i\000o\000n\000-\000B\000a\000s\000e\000d\000\040\000D\000i\000s\000t\000a\000n\000c\000e}{section.5}% 40
\BOOKMARK [1][-]{section.6}{\376\377\000C\000l\000u\000s\000t\000e\000r\000i\000n\000g}{}% 41
\BOOKMARK [2][-]{subsection.6.1}{\376\377\000C\000l\000u\000s\000t\000e\000r\000i\000n\000g}{section.6}% 42
\BOOKMARK [2][-]{subsection.6.2}{\376\377\000H\000i\000e\000r\000a\000r\000c\000h\000i\000c\000a\000l\000\040\000C\000l\000u\000s\000t\000e\000r\000i\000n\000g}{section.6}% 43
\BOOKMARK [2][-]{subsection.6.3}{\376\377\000L\000i\000n\000k\000a\000g\000e\000\040\000M\000e\000t\000h\000o\000d\000s}{section.6}% 44
\BOOKMARK [2][-]{subsection.6.4}{\376\377\000D\000e\000n\000d\000r\000o\000g\000r\000a\000m}{section.6}% 45
\BOOKMARK [1][-]{section.7}{\376\377\000S\000t\000a\000t\000i\000s\000t\000i\000c\000a\000l\000\040\000E\000s\000t\000i\000m\000a\000t\000i\000o\000n}{}% 46
\BOOKMARK [2][-]{subsection.7.1}{\376\377\000E\000s\000t\000i\000m\000a\000t\000o\000r}{section.7}% 47
\BOOKMARK [2][-]{subsection.7.2}{\376\377\000B\000i\000a\000s}{section.7}% 48
\BOOKMARK [2][-]{subsection.7.3}{\376\377\000V\000a\000r\000i\000a\000n\000c\000e\000\040\000o\000f\000\040\000E\000s\000t\000i\000m\000a\000t\000o\000r}{section.7}% 49
\BOOKMARK [2][-]{subsection.7.4}{\376\377\000M\000e\000a\000n\000\040\000S\000q\000u\000a\000r\000e\000d\000\040\000E\000r\000r\000o\000r}{section.7}% 50
\BOOKMARK [2][-]{subsection.7.5}{\376\377\000M\000a\000x\000i\000m\000u\000m\000\040\000L\000i\000k\000e\000l\000i\000h\000o\000o\000d\000\040\000E\000s\000t\000i\000m\000a\000t\000i\000o\000n}{section.7}% 51
\BOOKMARK [1][-]{section.8}{\376\377\000K\000e\000y\000\040\000C\000o\000n\000c\000e\000p\000t\000s\000\040\000f\000r\000o\000m\000\040\000I\000n\000f\000o\000r\000m\000a\000t\000i\000o\000n\000\040\000T\000h\000e\000o\000r\000y}{}% 52
\BOOKMARK [2][-]{subsection.8.1}{\376\377\000E\000n\000t\000r\000o\000p\000y}{section.8}% 53
\BOOKMARK [2][-]{subsection.8.2}{\376\377\000M\000u\000t\000u\000a\000l\000\040\000I\000n\000f\000o\000r\000m\000a\000t\000i\000o\000n}{section.8}% 54
\BOOKMARK [1][-]{section.9}{\376\377\000P\000o\000r\000t\000f\000o\000l\000i\000o\000\040\000T\000h\000e\000o\000r\000y\000\040\000S\000p\000e\000c\000i\000f\000i\000c\000s}{}% 55
\BOOKMARK [2][-]{subsection.9.1}{\376\377\000P\000o\000r\000t\000f\000o\000l\000i\000o}{section.9}% 56
\BOOKMARK [2][-]{subsection.9.2}{\376\377\000P\000o\000r\000t\000f\000o\000l\000i\000o\000\040\000R\000e\000t\000u\000r\000n}{section.9}% 57
\BOOKMARK [2][-]{subsection.9.3}{\376\377\000P\000o\000r\000t\000f\000o\000l\000i\000o\000\040\000V\000a\000r\000i\000a\000n\000c\000e}{section.9}% 58
\BOOKMARK [2][-]{subsection.9.4}{\376\377\000S\000h\000a\000r\000p\000e\000\040\000R\000a\000t\000i\000o}{section.9}% 59
\BOOKMARK [2][-]{subsection.9.5}{\376\377\000E\000f\000f\000i\000c\000i\000e\000n\000t\000\040\000F\000r\000o\000n\000t\000i\000e\000r}{section.9}% 60
\BOOKMARK [2][-]{subsection.9.6}{\376\377\000R\000i\000s\000k\000\040\000P\000a\000r\000i\000t\000y}{section.9}% 61
\BOOKMARK [1][-]{section.10}{\376\377\000C\000o\000n\000c\000l\000u\000s\000i\000o\000n}{}% 62
